0 info it worked if it ends with ok
1 verbose cli [ 'C:\\Program Files\\nodejs\\node.exe',
1 verbose cli   'C:\\Users\\Alex\\AppData\\Roaming\\npm\\node_modules\\npm\\bin\\npm-cli.js',
1 verbose cli   'start' ]
2 info using npm@3.9.6
3 info using node@v4.4.7
4 verbose run-script [ 'prestart', 'start', 'poststart' ]
5 info lifecycle sealightsqueue@0.0.0~prestart: sealightsqueue@0.0.0
6 silly lifecycle sealightsqueue@0.0.0~prestart: no script for prestart, continuing
7 info lifecycle sealightsqueue@0.0.0~start: sealightsqueue@0.0.0
8 verbose lifecycle sealightsqueue@0.0.0~start: unsafe-perm in lifecycle true
9 verbose lifecycle sealightsqueue@0.0.0~start: PATH: C:\Users\Alex\AppData\Roaming\npm\node_modules\npm\bin\node-gyp-bin;C:\Users\Alex\Documents\WebStormProjects\SeaLightsQueue\node_modules\.bin;C:\Program Files\nodejs;C:\apache-maven-3.3.9\bin;C:\Python34\;C:\Python34\Scripts;C:\ProgramData\Oracle\Java\javapath;C:\Python27\;C:\Users\Alex\Downloads\apache-maven-3.3.3-src\apache-maven-3.3.3\bin;C:\Program Files\Java\jdk1.8.0_45\bin;C:\Program Files (x86)\Intel\iCLS Client\;C:\Program Files\Intel\iCLS Client\;C:\WINDOWS\system32;C:\WINDOWS;C:\WINDOWS\System32\Wbem;C:\WINDOWS\System32\WindowsPowerShell\v1.0\;C:\Program Files\WIDCOMM\Bluetooth Software\;C:\Program Files\WIDCOMM\Bluetooth Software\syswow64;C:\Python27\gnuplot\binary;C:\AndroidSDK\platform-tools;C:\Program Files (x86)\QuickTime\QTSystem\;C:\Program Files (x86)\Windows Live\Shared;C:\Program Files\TortoiseGit\bin;C:\Program Files (x86)\Brackets\command;C:\Program Files (x86)\MySQL\MySQL Fabric 1.5 ^& MySQL Utilities 1.5\;C:\Program Files (x86)\MySQL\MySQL Fabric 1.5 ^& MySQL Utilities 1.5\Doctrine extensions for PHP\;C:\Users\Alex\Downloads\gradle-2.8\bin\;C:\Users\Alex\Desktop\MyProj\protoc-2.6.1-win32;C:\Program Files (x86)\Skype\Phone\;C:\Program Files (x86)\Heroku\bin;C:\Program Files (x86)\git\cmd;C:\Program Files\TortoiseSVN\bin;C:\OpenSSL-Win64\bin;C:\Program Files\nodejs\;C:\Program Files\Intel\Intel(R) Management Engine Components\DAL;C:\Program Files\Intel\Intel(R) Management Engine Components\IPT;C:\MongoDB3.2\bin;C:\Program Files\Git\cmd;C:\WINDOWS\system32\config\systemprofile\.dnx\bin;C:\Program Files\Microsoft DNX\Dnvm\;C:\Program Files\Microsoft SQL Server\130\Tools\Binn\;C:\Program Files (x86)\Microsoft VS Code\bin;C:\Users\Alex\AppData\Roaming\npm;C:\Users\Alex\AppData\Local\Microsoft\WindowsApps
10 verbose lifecycle sealightsqueue@0.0.0~start: CWD: C:\Users\Alex\Documents\WebStormProjects\SeaLightsQueue
11 silly lifecycle sealightsqueue@0.0.0~start: Args: [ '/d /s /c', 'node ./bin/www' ]
12 silly lifecycle sealightsqueue@0.0.0~start: Returned: code: 1  signal: null
13 info lifecycle sealightsqueue@0.0.0~start: Failed to exec start script
14 verbose stack Error: sealightsqueue@0.0.0 start: `node ./bin/www`
14 verbose stack Exit status 1
14 verbose stack     at EventEmitter.<anonymous> (C:\Users\Alex\AppData\Roaming\npm\node_modules\npm\lib\utils\lifecycle.js:245:16)
14 verbose stack     at emitTwo (events.js:87:13)
14 verbose stack     at EventEmitter.emit (events.js:172:7)
14 verbose stack     at ChildProcess.<anonymous> (C:\Users\Alex\AppData\Roaming\npm\node_modules\npm\lib\utils\spawn.js:24:14)
14 verbose stack     at emitTwo (events.js:87:13)
14 verbose stack     at ChildProcess.emit (events.js:172:7)
14 verbose stack     at maybeClose (internal/child_process.js:827:16)
14 verbose stack     at Process.ChildProcess._handle.onexit (internal/child_process.js:211:5)
15 verbose pkgid sealightsqueue@0.0.0
16 verbose cwd C:\Users\Alex\Documents\WebStormProjects\SeaLightsQueue\bin
17 error Windows_NT 10.0.14393
18 error argv "C:\\Program Files\\nodejs\\node.exe" "C:\\Users\\Alex\\AppData\\Roaming\\npm\\node_modules\\npm\\bin\\npm-cli.js" "start"
19 error node v4.4.7
20 error npm  v3.9.6
21 error code ELIFECYCLE
22 error sealightsqueue@0.0.0 start: `node ./bin/www`
22 error Exit status 1
23 error Failed at the sealightsqueue@0.0.0 start script 'node ./bin/www'.
23 error Make sure you have the latest version of node.js and npm installed.
23 error If you do, this is most likely a problem with the sealightsqueue package,
23 error not with npm itself.
23 error Tell the author that this fails on your system:
23 error     node ./bin/www
23 error You can get information on how to open an issue for this project with:
23 error     npm bugs sealightsqueue
23 error Or if that isn't available, you can get their info via:
23 error     npm owner ls sealightsqueue
23 error There is likely additional logging output above.
24 verbose exit [ 1, true ]
